<?xml version="1.0" encoding="UTF-8"?>
<testsuite xmlns:xsi="http://www.w3.org/2001/XMLSchema-instance" xsi:noNamespaceSchemaLocation="https://maven.apache.org/surefire/maven-surefire-plugin/xsd/surefire-test-report.xsd" name="TestSuite" time="2.327" tests="4" errors="0" skipped="0" failures="0">
  <properties>
    <property name="gopherProxySet" value="false"/>
    <property name="awt.toolkit" value="sun.lwawt.macosx.LWCToolkit"/>
    <property name="file.encoding.pkg" value="sun.io"/>
    <property name="java.specification.version" value="1.8"/>
    <property name="sun.cpu.isalist" value=""/>
    <property name="sun.jnu.encoding" value="UTF-8"/>
    <property name="java.class.path" value="/Users/aysunercan/siemens/maven-restassured-jdbc/target/test-classes:/Users/aysunercan/siemens/maven-restassured-jdbc/target/classes:/Users/aysunercan/.m2/repository/org/springframework/spring-web/4.2.4.RELEASE/spring-web-4.2.4.RELEASE.jar:/Users/aysunercan/.m2/repository/org/springframework/spring-aop/4.2.4.RELEASE/spring-aop-4.2.4.RELEASE.jar:/Users/aysunercan/.m2/repository/aopalliance/aopalliance/1.0/aopalliance-1.0.jar:/Users/aysunercan/.m2/repository/org/springframework/spring-beans/4.2.4.RELEASE/spring-beans-4.2.4.RELEASE.jar:/Users/aysunercan/.m2/repository/org/springframework/spring-context/4.2.4.RELEASE/spring-context-4.2.4.RELEASE.jar:/Users/aysunercan/.m2/repository/org/springframework/spring-expression/4.2.4.RELEASE/spring-expression-4.2.4.RELEASE.jar:/Users/aysunercan/.m2/repository/org/springframework/spring-core/4.2.4.RELEASE/spring-core-4.2.4.RELEASE.jar:/Users/aysunercan/.m2/repository/commons-logging/commons-logging/1.2/commons-logging-1.2.jar:/Users/aysunercan/.m2/repository/org/assertj/assertj-core/3.9.1/assertj-core-3.9.1.jar:/Users/aysunercan/.m2/repository/com/fasterxml/jackson/datatype/jackson-datatype-jsr310/2.7.2/jackson-datatype-jsr310-2.7.2.jar:/Users/aysunercan/.m2/repository/com/fasterxml/jackson/core/jackson-core/2.7.2/jackson-core-2.7.2.jar:/Users/aysunercan/.m2/repository/com/fasterxml/jackson/core/jackson-databind/2.7.2/jackson-databind-2.7.2.jar:/Users/aysunercan/.m2/repository/com/fasterxml/jackson/core/jackson-annotations/2.7.0/jackson-annotations-2.7.0.jar:/Users/aysunercan/.m2/repository/junit/junit/4.12/junit-4.12.jar:/Users/aysunercan/.m2/repository/org/hamcrest/hamcrest-core/1.3/hamcrest-core-1.3.jar:/Users/aysunercan/.m2/repository/com/google/code/gson/gson/2.8.2/gson-2.8.2.jar:/Users/aysunercan/.m2/repository/com/jayway/restassured/rest-assured/2.9.0/rest-assured-2.9.0.jar:/Users/aysunercan/.m2/repository/org/codehaus/groovy/groovy/2.4.4/groovy-2.4.4.jar:/Users/aysunercan/.m2/repository/org/codehaus/groovy/groovy-xml/2.4.4/groovy-xml-2.4.4.jar:/Users/aysunercan/.m2/repository/org/apache/httpcomponents/httpclient/4.5.1/httpclient-4.5.1.jar:/Users/aysunercan/.m2/repository/org/apache/httpcomponents/httpcore/4.4.3/httpcore-4.4.3.jar:/Users/aysunercan/.m2/repository/commons-codec/commons-codec/1.9/commons-codec-1.9.jar:/Users/aysunercan/.m2/repository/org/apache/httpcomponents/httpmime/4.5.1/httpmime-4.5.1.jar:/Users/aysunercan/.m2/repository/org/hamcrest/hamcrest-library/1.3/hamcrest-library-1.3.jar:/Users/aysunercan/.m2/repository/org/ccil/cowan/tagsoup/tagsoup/1.2.1/tagsoup-1.2.1.jar:/Users/aysunercan/.m2/repository/com/jayway/restassured/json-path/2.9.0/json-path-2.9.0.jar:/Users/aysunercan/.m2/repository/org/codehaus/groovy/groovy-json/2.4.4/groovy-json-2.4.4.jar:/Users/aysunercan/.m2/repository/com/jayway/restassured/rest-assured-common/2.9.0/rest-assured-common-2.9.0.jar:/Users/aysunercan/.m2/repository/com/jayway/restassured/xml-path/2.9.0/xml-path-2.9.0.jar:/Users/aysunercan/.m2/repository/org/apache/commons/commons-lang3/3.3.2/commons-lang3-3.3.2.jar:/Users/aysunercan/.m2/repository/com/jayway/awaitility/awaitility/1.7.0/awaitility-1.7.0.jar:/Users/aysunercan/.m2/repository/cglib/cglib-nodep/3.1/cglib-nodep-3.1.jar:/Users/aysunercan/.m2/repository/org/objenesis/objenesis/2.1/objenesis-2.1.jar:/Users/aysunercan/.m2/repository/com/squareup/okhttp3/mockwebserver/3.10.0/mockwebserver-3.10.0.jar:/Users/aysunercan/.m2/repository/com/squareup/okhttp3/okhttp/3.10.0/okhttp-3.10.0.jar:/Users/aysunercan/.m2/repository/com/squareup/okio/okio/1.14.0/okio-1.14.0.jar:/Users/aysunercan/.m2/repository/org/bouncycastle/bcprov-jdk15on/1.50/bcprov-jdk15on-1.50.jar:/Users/aysunercan/.m2/repository/org/testng/testng/6.14.2/testng-6.14.2.jar:/Users/aysunercan/.m2/repository/com/beust/jcommander/1.72/jcommander-1.72.jar:/Users/aysunercan/.m2/repository/org/apache-extras/beanshell/bsh/2.0b6/bsh-2.0b6.jar:/Users/aysunercan/.m2/repository/org/apache/maven/surefire/surefire-testng-utils/2.21.0/surefire-testng-utils-2.21.0.jar:/Users/aysunercan/.m2/repository/org/apache/maven/surefire/surefire-grouper/2.21.0/surefire-grouper-2.21.0.jar:"/>
    <property name="java.vm.vendor" value="Oracle Corporation"/>
    <property name="sun.arch.data.model" value="64"/>
    <property name="java.vendor.url" value="http://java.oracle.com/"/>
    <property name="user.timezone" value=""/>
    <property name="java.vm.specification.version" value="1.8"/>
    <property name="os.name" value="Mac OS X"/>
    <property name="user.country" value="US"/>
    <property name="sun.java.launcher" value="SUN_STANDARD"/>
    <property name="sun.boot.library.path" value="/Library/Java/JavaVirtualMachines/jdk1.8.0_144.jdk/Contents/Home/jre/lib"/>
    <property name="sun.java.command" value="/Users/aysunercan/siemens/maven-restassured-jdbc/target/surefire/surefirebooter8680217464871364077.jar /Users/aysunercan/siemens/maven-restassured-jdbc/target/surefire 2018-04-14T19-32-33_670-jvmRun1 surefire6196747081214597358tmp surefire_04084228658259667749tmp"/>
    <property name="http.nonProxyHosts" value="local|*.local|169.254/16|*.169.254/16"/>
    <property name="surefire.test.class.path" value="/Users/aysunercan/siemens/maven-restassured-jdbc/target/test-classes:/Users/aysunercan/siemens/maven-restassured-jdbc/target/classes:/Users/aysunercan/.m2/repository/org/springframework/spring-web/4.2.4.RELEASE/spring-web-4.2.4.RELEASE.jar:/Users/aysunercan/.m2/repository/org/springframework/spring-aop/4.2.4.RELEASE/spring-aop-4.2.4.RELEASE.jar:/Users/aysunercan/.m2/repository/aopalliance/aopalliance/1.0/aopalliance-1.0.jar:/Users/aysunercan/.m2/repository/org/springframework/spring-beans/4.2.4.RELEASE/spring-beans-4.2.4.RELEASE.jar:/Users/aysunercan/.m2/repository/org/springframework/spring-context/4.2.4.RELEASE/spring-context-4.2.4.RELEASE.jar:/Users/aysunercan/.m2/repository/org/springframework/spring-expression/4.2.4.RELEASE/spring-expression-4.2.4.RELEASE.jar:/Users/aysunercan/.m2/repository/org/springframework/spring-core/4.2.4.RELEASE/spring-core-4.2.4.RELEASE.jar:/Users/aysunercan/.m2/repository/commons-logging/commons-logging/1.2/commons-logging-1.2.jar:/Users/aysunercan/.m2/repository/org/assertj/assertj-core/3.9.1/assertj-core-3.9.1.jar:/Users/aysunercan/.m2/repository/com/fasterxml/jackson/datatype/jackson-datatype-jsr310/2.7.2/jackson-datatype-jsr310-2.7.2.jar:/Users/aysunercan/.m2/repository/com/fasterxml/jackson/core/jackson-core/2.7.2/jackson-core-2.7.2.jar:/Users/aysunercan/.m2/repository/com/fasterxml/jackson/core/jackson-databind/2.7.2/jackson-databind-2.7.2.jar:/Users/aysunercan/.m2/repository/com/fasterxml/jackson/core/jackson-annotations/2.7.0/jackson-annotations-2.7.0.jar:/Users/aysunercan/.m2/repository/junit/junit/4.12/junit-4.12.jar:/Users/aysunercan/.m2/repository/org/hamcrest/hamcrest-core/1.3/hamcrest-core-1.3.jar:/Users/aysunercan/.m2/repository/com/google/code/gson/gson/2.8.2/gson-2.8.2.jar:/Users/aysunercan/.m2/repository/com/jayway/restassured/rest-assured/2.9.0/rest-assured-2.9.0.jar:/Users/aysunercan/.m2/repository/org/codehaus/groovy/groovy/2.4.4/groovy-2.4.4.jar:/Users/aysunercan/.m2/repository/org/codehaus/groovy/groovy-xml/2.4.4/groovy-xml-2.4.4.jar:/Users/aysunercan/.m2/repository/org/apache/httpcomponents/httpclient/4.5.1/httpclient-4.5.1.jar:/Users/aysunercan/.m2/repository/org/apache/httpcomponents/httpcore/4.4.3/httpcore-4.4.3.jar:/Users/aysunercan/.m2/repository/commons-codec/commons-codec/1.9/commons-codec-1.9.jar:/Users/aysunercan/.m2/repository/org/apache/httpcomponents/httpmime/4.5.1/httpmime-4.5.1.jar:/Users/aysunercan/.m2/repository/org/hamcrest/hamcrest-library/1.3/hamcrest-library-1.3.jar:/Users/aysunercan/.m2/repository/org/ccil/cowan/tagsoup/tagsoup/1.2.1/tagsoup-1.2.1.jar:/Users/aysunercan/.m2/repository/com/jayway/restassured/json-path/2.9.0/json-path-2.9.0.jar:/Users/aysunercan/.m2/repository/org/codehaus/groovy/groovy-json/2.4.4/groovy-json-2.4.4.jar:/Users/aysunercan/.m2/repository/com/jayway/restassured/rest-assured-common/2.9.0/rest-assured-common-2.9.0.jar:/Users/aysunercan/.m2/repository/com/jayway/restassured/xml-path/2.9.0/xml-path-2.9.0.jar:/Users/aysunercan/.m2/repository/org/apache/commons/commons-lang3/3.3.2/commons-lang3-3.3.2.jar:/Users/aysunercan/.m2/repository/com/jayway/awaitility/awaitility/1.7.0/awaitility-1.7.0.jar:/Users/aysunercan/.m2/repository/cglib/cglib-nodep/3.1/cglib-nodep-3.1.jar:/Users/aysunercan/.m2/repository/org/objenesis/objenesis/2.1/objenesis-2.1.jar:/Users/aysunercan/.m2/repository/com/squareup/okhttp3/mockwebserver/3.10.0/mockwebserver-3.10.0.jar:/Users/aysunercan/.m2/repository/com/squareup/okhttp3/okhttp/3.10.0/okhttp-3.10.0.jar:/Users/aysunercan/.m2/repository/com/squareup/okio/okio/1.14.0/okio-1.14.0.jar:/Users/aysunercan/.m2/repository/org/bouncycastle/bcprov-jdk15on/1.50/bcprov-jdk15on-1.50.jar:/Users/aysunercan/.m2/repository/org/testng/testng/6.14.2/testng-6.14.2.jar:/Users/aysunercan/.m2/repository/com/beust/jcommander/1.72/jcommander-1.72.jar:/Users/aysunercan/.m2/repository/org/apache-extras/beanshell/bsh/2.0b6/bsh-2.0b6.jar:/Users/aysunercan/.m2/repository/org/apache/maven/surefire/surefire-testng-utils/2.21.0/surefire-testng-utils-2.21.0.jar:/Users/aysunercan/.m2/repository/org/apache/maven/surefire/surefire-grouper/2.21.0/surefire-grouper-2.21.0.jar:"/>
    <property name="sun.cpu.endian" value="little"/>
    <property name="user.home" value="/Users/aysunercan"/>
    <property name="user.language" value="en"/>
    <property name="java.specification.vendor" value="Oracle Corporation"/>
    <property name="java.home" value="/Library/Java/JavaVirtualMachines/jdk1.8.0_144.jdk/Contents/Home/jre"/>
    <property name="basedir" value="/Users/aysunercan/siemens/maven-restassured-jdbc"/>
    <property name="file.separator" value="/"/>
    <property name="line.separator" value="&#10;"/>
    <property name="java.vm.specification.vendor" value="Oracle Corporation"/>
    <property name="java.specification.name" value="Java Platform API Specification"/>
    <property name="java.awt.graphicsenv" value="sun.awt.CGraphicsEnvironment"/>
    <property name="surefire.real.class.path" value="/Users/aysunercan/siemens/maven-restassured-jdbc/target/surefire/surefirebooter8680217464871364077.jar"/>
    <property name="sun.boot.class.path" value="/Library/Java/JavaVirtualMachines/jdk1.8.0_144.jdk/Contents/Home/jre/lib/resources.jar:/Library/Java/JavaVirtualMachines/jdk1.8.0_144.jdk/Contents/Home/jre/lib/rt.jar:/Library/Java/JavaVirtualMachines/jdk1.8.0_144.jdk/Contents/Home/jre/lib/sunrsasign.jar:/Library/Java/JavaVirtualMachines/jdk1.8.0_144.jdk/Contents/Home/jre/lib/jsse.jar:/Library/Java/JavaVirtualMachines/jdk1.8.0_144.jdk/Contents/Home/jre/lib/jce.jar:/Library/Java/JavaVirtualMachines/jdk1.8.0_144.jdk/Contents/Home/jre/lib/charsets.jar:/Library/Java/JavaVirtualMachines/jdk1.8.0_144.jdk/Contents/Home/jre/lib/jfr.jar:/Library/Java/JavaVirtualMachines/jdk1.8.0_144.jdk/Contents/Home/jre/classes"/>
    <property name="sun.management.compiler" value="HotSpot 64-Bit Tiered Compilers"/>
    <property name="ftp.nonProxyHosts" value="local|*.local|169.254/16|*.169.254/16"/>
    <property name="java.runtime.version" value="1.8.0_144-b01"/>
    <property name="user.name" value="aysunercan"/>
    <property name="path.separator" value=":"/>
    <property name="os.version" value="10.12.6"/>
    <property name="java.endorsed.dirs" value="/Library/Java/JavaVirtualMachines/jdk1.8.0_144.jdk/Contents/Home/jre/lib/endorsed"/>
    <property name="java.runtime.name" value="Java(TM) SE Runtime Environment"/>
    <property name="file.encoding" value="UTF-8"/>
    <property name="java.vm.name" value="Java HotSpot(TM) 64-Bit Server VM"/>
    <property name="localRepository" value="/Users/aysunercan/.m2/repository"/>
    <property name="java.vendor.url.bug" value="http://bugreport.sun.com/bugreport/"/>
    <property name="java.io.tmpdir" value="/var/folders/d9/5h3gjxzj0vb6lxqyn2951xdm0000gn/T/"/>
    <property name="java.version" value="1.8.0_144"/>
    <property name="user.dir" value="/Users/aysunercan/siemens/maven-restassured-jdbc"/>
    <property name="os.arch" value="x86_64"/>
    <property name="java.vm.specification.name" value="Java Virtual Machine Specification"/>
    <property name="java.awt.printerjob" value="sun.lwawt.macosx.CPrinterJob"/>
    <property name="sun.os.patch.level" value="unknown"/>
    <property name="java.library.path" value="/Users/aysunercan/Library/Java/Extensions:/Library/Java/Extensions:/Network/Library/Java/Extensions:/System/Library/Java/Extensions:/usr/lib/java:."/>
    <property name="java.vm.info" value="mixed mode"/>
    <property name="java.vendor" value="Oracle Corporation"/>
    <property name="java.vm.version" value="25.144-b01"/>
    <property name="java.ext.dirs" value="/Users/aysunercan/Library/Java/Extensions:/Library/Java/JavaVirtualMachines/jdk1.8.0_144.jdk/Contents/Home/jre/lib/ext:/Library/Java/Extensions:/Network/Library/Java/Extensions:/System/Library/Java/Extensions:/usr/lib/java"/>
    <property name="sun.io.unicode.encoding" value="UnicodeBig"/>
    <property name="java.class.version" value="52.0"/>
    <property name="socksNonProxyHosts" value="local|*.local|169.254/16|*.169.254/16"/>
  </properties>
  <testcase name="createBookAndCheckExistence" classname="org.siemens.restservice.BookTest" time="1.059"/>
  <testcase name="createBookAndVerifyExistence" classname="org.siemens.restservice.BookTest" time="0.084"/>
  <testcase name="getAllBooksWithJsonPath" classname="org.siemens.restservice.BookTest" time="0.452"/>
  <testcase name="useSpec" classname="org.siemens.restservice.BookTest" time="0.158"/>
</testsuite>