<?xml version="1.0" encoding="UTF-8"?>
<!-- Generated by org.testng.reporters.JUnitReportReporter -->
<testsuite skipped="0" hostname="sdet.home" name="org.siemens.restservice.BookTest" tests="4" failures="0" timestamp="14 Apr 2018 23:32:36 GMT" time="1.705" errors="0">
  <testcase name="createBookAndVerifyExistence" time="0.084" classname="org.siemens.restservice.BookTest"/>
  <testcase name="useSpec" time="0.112" classname="org.siemens.restservice.BookTest"/>
  <testcase name="createBookAndCheckExistence" time="1.058" classname="org.siemens.restservice.BookTest"/>
  <testcase name="getAllBooksWithJsonPath" time="0.451" classname="org.siemens.restservice.BookTest"/>
</testsuite> <!-- org.siemens.restservice.BookTest -->
